This file contains any messages produced by compilers while
running configure, to aid debugging if configure makes a mistake.

It was created by mysql++ configure 3.1.0, which was
generated by GNU Autoconf 2.59.  Invocation command line was

  $ ./configure --with-mysql-lib=/usr/lib/x86_64-linux-gnu/

## --------- ##
## Platform. ##
## --------- ##

hostname = greif10
uname -m = x86_64
uname -r = 3.0.0-12-generic
uname -s = Linux
uname -v = #20-Ubuntu SMP Fri Oct 7 14:56:25 UTC 2011

/usr/bin/uname -p = unknown
/bin/uname -X     = unknown

/bin/arch              = unknown
/usr/bin/arch -k       = unknown
/usr/convex/getsysinfo = unknown
hostinfo               = unknown
/bin/machine           = unknown
/usr/bin/oslevel       = unknown
/bin/universe          = unknown

PATH: /home/alexander/bin
PATH: /usr/lib/lightdm/lightdm
PATH: /usr/local/sbin
PATH: /usr/local/bin
PATH: /usr/sbin
PATH: /usr/bin
PATH: /sbin
PATH: /bin
PATH: /usr/games
PATH: /home/alexander/augustus/trunks/src
PATH: /home/alexander/augustus/trunks/bin
PATH: /home/alexander/augustus/trunks/scripts
PATH: /home/alexander/ag/trunks/scripts
PATH: /home/alexander/paml4.5/bin/


## ----------- ##
## Core tests. ##
## ----------- ##

configure:1366: checking build system type
configure:1384: result: x86_64-unknown-linux-gnu
configure:1392: checking host system type
configure:1406: result: x86_64-unknown-linux-gnu
configure:1414: checking target system type
configure:1428: result: x86_64-unknown-linux-gnu
configure:1503: checking for gcc
configure:1519: found /usr/bin/gcc
configure:1529: result: gcc
configure:1773: checking for C compiler version
configure:1776: gcc --version </dev/null >&5
gcc (Ubuntu/Linaro 4.6.1-9ubuntu3) 4.6.1
Copyright (C) 2011 Free Software Foundation, Inc.
This is free software; see the source for copying conditions.  There is NO
warranty; not even for MERCHANTABILITY or FITNESS FOR A PARTICULAR PURPOSE.

configure:1779: $? = 0
configure:1781: gcc -v </dev/null >&5
Using built-in specs.
COLLECT_GCC=gcc
COLLECT_LTO_WRAPPER=/usr/lib/gcc/x86_64-linux-gnu/4.6.1/lto-wrapper
Target: x86_64-linux-gnu
Configured with: ../src/configure -v --with-pkgversion='Ubuntu/Linaro 4.6.1-9ubuntu3' --with-bugurl=file:///usr/share/doc/gcc-4.6/README.Bugs --enable-languages=c,c++,fortran,objc,obj-c++,go --prefix=/usr --program-suffix=-4.6 --enable-shared --enable-linker-build-id --with-system-zlib --libexecdir=/usr/lib --without-included-gettext --enable-threads=posix --with-gxx-include-dir=/usr/include/c++/4.6 --libdir=/usr/lib --enable-nls --with-sysroot=/ --enable-clocale=gnu --enable-libstdcxx-debug --enable-libstdcxx-time=yes --enable-plugin --enable-objc-gc --disable-werror --with-arch-32=i686 --with-tune=generic --enable-checking=release --build=x86_64-linux-gnu --host=x86_64-linux-gnu --target=x86_64-linux-gnu
Thread model: posix
gcc version 4.6.1 (Ubuntu/Linaro 4.6.1-9ubuntu3) 
configure:1784: $? = 0
configure:1786: gcc -V </dev/null >&5
gcc: error: unrecognized option '-V'
gcc: fatal error: no input files
compilation terminated.
configure:1789: $? = 4
configure:1812: checking for C compiler default output file name
configure:1815: gcc    conftest.c  >&5
configure:1818: $? = 0
configure:1864: result: a.out
configure:1869: checking whether the C compiler works
configure:1875: ./a.out
configure:1878: $? = 0
configure:1895: result: yes
configure:1902: checking whether we are cross compiling
configure:1904: result: no
configure:1907: checking for suffix of executables
configure:1909: gcc -o conftest    conftest.c  >&5
configure:1912: $? = 0
configure:1937: result: 
configure:1943: checking for suffix of object files
configure:1964: gcc -c   conftest.c >&5
configure:1967: $? = 0
configure:1989: result: o
configure:1993: checking whether we are using the GNU C compiler
configure:2017: gcc -c   conftest.c >&5
configure:2023: $? = 0
configure:2027: test -z 
			 || test ! -s conftest.err
configure:2030: $? = 0
configure:2033: test -s conftest.o
configure:2036: $? = 0
configure:2049: result: yes
configure:2055: checking whether gcc accepts -g
configure:2076: gcc -c -g  conftest.c >&5
configure:2082: $? = 0
configure:2086: test -z 
			 || test ! -s conftest.err
configure:2089: $? = 0
configure:2092: test -s conftest.o
configure:2095: $? = 0
configure:2106: result: yes
configure:2123: checking for gcc option to accept ANSI C
configure:2193: gcc  -c -g -O2  conftest.c >&5
configure:2199: $? = 0
configure:2203: test -z 
			 || test ! -s conftest.err
configure:2206: $? = 0
configure:2209: test -s conftest.o
configure:2212: $? = 0
configure:2230: result: none needed
configure:2248: gcc -c -g -O2  conftest.c >&5
conftest.c:2:3: error: unknown type name 'choke'
conftest.c:2:3: error: expected '=', ',', ';', 'asm' or '__attribute__' at end of input
configure:2254: $? = 1
configure: failed program was:
| #ifndef __cplusplus
|   choke me
| #endif
configure:2396: checking whether we are using the Intel C compiler
configure:2421: gcc -c -g -O2  conftest.c >&5
conftest.c: In function 'main':
conftest.c:15:17: error: unknown type name 'choke'
configure:2427: $? = 1
configure: failed program was:
| /* confdefs.h.  */
| 
| #define PACKAGE_NAME "mysql++"
| #define PACKAGE_TARNAME "mysql++"
| #define PACKAGE_VERSION "3.1.0"
| #define PACKAGE_STRING "mysql++ 3.1.0"
| #define PACKAGE_BUGREPORT "plusplus@lists.mysql.com"
| /* end confdefs.h.  */
| 
| int
| main ()
| {
| 
|              #ifndef __INTEL_COMPILER
|                 choke me
|              #endif
| 
|   ;
|   return 0;
| }
configure:2454: result: no
configure:3334: checking for g++
configure:3350: found /usr/bin/g++
configure:3360: result: g++
configure:3376: checking for C++ compiler version
configure:3379: g++ --version </dev/null >&5
g++ (Ubuntu/Linaro 4.6.1-9ubuntu3) 4.6.1
Copyright (C) 2011 Free Software Foundation, Inc.
This is free software; see the source for copying conditions.  There is NO
warranty; not even for MERCHANTABILITY or FITNESS FOR A PARTICULAR PURPOSE.

configure:3382: $? = 0
configure:3384: g++ -v </dev/null >&5
Using built-in specs.
COLLECT_GCC=g++
COLLECT_LTO_WRAPPER=/usr/lib/gcc/x86_64-linux-gnu/4.6.1/lto-wrapper
Target: x86_64-linux-gnu
Configured with: ../src/configure -v --with-pkgversion='Ubuntu/Linaro 4.6.1-9ubuntu3' --with-bugurl=file:///usr/share/doc/gcc-4.6/README.Bugs --enable-languages=c,c++,fortran,objc,obj-c++,go --prefix=/usr --program-suffix=-4.6 --enable-shared --enable-linker-build-id --with-system-zlib --libexecdir=/usr/lib --without-included-gettext --enable-threads=posix --with-gxx-include-dir=/usr/include/c++/4.6 --libdir=/usr/lib --enable-nls --with-sysroot=/ --enable-clocale=gnu --enable-libstdcxx-debug --enable-libstdcxx-time=yes --enable-plugin --enable-objc-gc --disable-werror --with-arch-32=i686 --with-tune=generic --enable-checking=release --build=x86_64-linux-gnu --host=x86_64-linux-gnu --target=x86_64-linux-gnu
Thread model: posix
gcc version 4.6.1 (Ubuntu/Linaro 4.6.1-9ubuntu3) 
configure:3387: $? = 0
configure:3389: g++ -V </dev/null >&5
g++: error: unrecognized option '-V'
g++: fatal error: no input files
compilation terminated.
configure:3392: $? = 4
configure:3395: checking whether we are using the GNU C++ compiler
configure:3419: g++ -c   conftest.cc >&5
configure:3425: $? = 0
configure:3429: test -z 
			 || test ! -s conftest.err
configure:3432: $? = 0
configure:3435: test -s conftest.o
configure:3438: $? = 0
configure:3451: result: yes
configure:3457: checking whether g++ accepts -g
configure:3478: g++ -c -g  conftest.cc >&5
configure:3484: $? = 0
configure:3488: test -z 
			 || test ! -s conftest.err
configure:3491: $? = 0
configure:3494: test -s conftest.o
configure:3497: $? = 0
configure:3508: result: yes
configure:3550: g++ -c -g -O2  conftest.cc >&5
configure:3556: $? = 0
configure:3560: test -z 
			 || test ! -s conftest.err
configure:3563: $? = 0
configure:3566: test -s conftest.o
configure:3569: $? = 0
configure:3595: g++ -c -g -O2  conftest.cc >&5
conftest.cc: In function 'int main()':
conftest.cc:13:9: error: 'exit' was not declared in this scope
configure:3601: $? = 1
configure: failed program was:
| /* confdefs.h.  */
| 
| #define PACKAGE_NAME "mysql++"
| #define PACKAGE_TARNAME "mysql++"
| #define PACKAGE_VERSION "3.1.0"
| #define PACKAGE_STRING "mysql++ 3.1.0"
| #define PACKAGE_BUGREPORT "plusplus@lists.mysql.com"
| /* end confdefs.h.  */
| 
| int
| main ()
| {
| exit (42);
|   ;
|   return 0;
| }
configure:3550: g++ -c -g -O2  conftest.cc >&5
conftest.cc:9:40: error: 'void std::exit(int)' should have been declared inside 'std'
configure:3556: $? = 1
configure: failed program was:
| /* confdefs.h.  */
| 
| #define PACKAGE_NAME "mysql++"
| #define PACKAGE_TARNAME "mysql++"
| #define PACKAGE_VERSION "3.1.0"
| #define PACKAGE_STRING "mysql++ 3.1.0"
| #define PACKAGE_BUGREPORT "plusplus@lists.mysql.com"
| /* end confdefs.h.  */
| extern "C" void std::exit (int) throw (); using std::exit;
| #include <stdlib.h>
| int
| main ()
| {
| exit (42);
|   ;
|   return 0;
| }
configure:3550: g++ -c -g -O2  conftest.cc >&5
conftest.cc:9:31: error: 'void std::exit(int)' should have been declared inside 'std'
In file included from conftest.cc:10:0:
/usr/include/stdlib.h:544:70: error: declaration of 'void std::exit(int) throw ()' has a different exception specifier
conftest.cc:9:17: error: from previous declaration 'void std::exit(int)'
configure:3556: $? = 1
configure: failed program was:
| /* confdefs.h.  */
| 
| #define PACKAGE_NAME "mysql++"
| #define PACKAGE_TARNAME "mysql++"
| #define PACKAGE_VERSION "3.1.0"
| #define PACKAGE_STRING "mysql++ 3.1.0"
| #define PACKAGE_BUGREPORT "plusplus@lists.mysql.com"
| /* end confdefs.h.  */
| extern "C" void std::exit (int); using std::exit;
| #include <stdlib.h>
| int
| main ()
| {
| exit (42);
|   ;
|   return 0;
| }
configure:3550: g++ -c -g -O2  conftest.cc >&5
configure:3556: $? = 0
configure:3560: test -z 
			 || test ! -s conftest.err
configure:3563: $? = 0
configure:3566: test -s conftest.o
configure:3569: $? = 0
configure:3595: g++ -c -g -O2  conftest.cc >&5
configure:3601: $? = 0
configure:3605: test -z 
			 || test ! -s conftest.err
configure:3608: $? = 0
configure:3611: test -s conftest.o
configure:3614: $? = 0
configure:3646: checking whether we are using the Intel C++ compiler
configure:3671: g++ -c -g -O2  conftest.cc >&5
conftest.cc: In function 'int main()':
conftest.cc:18:17: error: 'choke' was not declared in this scope
conftest.cc:18:23: error: expected ';' before 'me'
configure:3677: $? = 1
configure: failed program was:
| /* confdefs.h.  */
| 
| #define PACKAGE_NAME "mysql++"
| #define PACKAGE_TARNAME "mysql++"
| #define PACKAGE_VERSION "3.1.0"
| #define PACKAGE_STRING "mysql++ 3.1.0"
| #define PACKAGE_BUGREPORT "plusplus@lists.mysql.com"
| #ifdef __cplusplus
| extern "C" void exit (int) throw ();
| #endif
| /* end confdefs.h.  */
| 
| int
| main ()
| {
| 
|              #ifndef __INTEL_COMPILER
|                 choke me
|              #endif
| 
|   ;
|   return 0;
| }
configure:3704: result: no
configure:4199: checking whether we are using the Sun C++ compiler
configure:4224: g++ -c -g -O2  conftest.cc >&5
conftest.cc: In function 'int main()':
conftest.cc:18:17: error: 'choke' was not declared in this scope
conftest.cc:18:23: error: expected ';' before 'me'
configure:4230: $? = 1
configure: failed program was:
| /* confdefs.h.  */
| 
| #define PACKAGE_NAME "mysql++"
| #define PACKAGE_TARNAME "mysql++"
| #define PACKAGE_VERSION "3.1.0"
| #define PACKAGE_STRING "mysql++ 3.1.0"
| #define PACKAGE_BUGREPORT "plusplus@lists.mysql.com"
| #ifdef __cplusplus
| extern "C" void exit (int) throw ();
| #endif
| /* end confdefs.h.  */
| 
| int
| main ()
| {
| 
|              #ifndef __SUNPRO_CC
|                 choke me
|              #endif
| 
|   ;
|   return 0;
| }
configure:4257: result: no
configure:4588: checking for ranlib
configure:4604: found /usr/bin/ranlib
configure:4615: result: ranlib
configure:4640: checking for a BSD-compatible install
configure:4695: result: /usr/bin/install -c
configure:4706: checking whether ln -s works
configure:4710: result: yes
configure:4718: checking whether make sets $(MAKE)
configure:4738: result: yes
configure:4799: checking for ar
configure:4815: found /usr/bin/ar
configure:4826: result: ar
configure:4883: checking for strip
configure:4899: found /usr/bin/strip
configure:4910: result: strip
configure:4963: checking for nm
configure:4979: found /usr/bin/nm
configure:4990: result: nm
configure:5003: checking for command to install directories
configure:5010: result: /usr/bin/install -c -d
configure:5028: checking if make is GNU make
configure:5042: result: yes
configure:6113: checking for dependency tracking method
configure:6134: result: gcc
configure:6624: checking for gcc
configure:6650: result: gcc
configure:6894: checking for C compiler version
configure:6897: gcc --version </dev/null >&5
gcc (Ubuntu/Linaro 4.6.1-9ubuntu3) 4.6.1
Copyright (C) 2011 Free Software Foundation, Inc.
This is free software; see the source for copying conditions.  There is NO
warranty; not even for MERCHANTABILITY or FITNESS FOR A PARTICULAR PURPOSE.

configure:6900: $? = 0
configure:6902: gcc -v </dev/null >&5
Using built-in specs.
COLLECT_GCC=gcc
COLLECT_LTO_WRAPPER=/usr/lib/gcc/x86_64-linux-gnu/4.6.1/lto-wrapper
Target: x86_64-linux-gnu
Configured with: ../src/configure -v --with-pkgversion='Ubuntu/Linaro 4.6.1-9ubuntu3' --with-bugurl=file:///usr/share/doc/gcc-4.6/README.Bugs --enable-languages=c,c++,fortran,objc,obj-c++,go --prefix=/usr --program-suffix=-4.6 --enable-shared --enable-linker-build-id --with-system-zlib --libexecdir=/usr/lib --without-included-gettext --enable-threads=posix --with-gxx-include-dir=/usr/include/c++/4.6 --libdir=/usr/lib --enable-nls --with-sysroot=/ --enable-clocale=gnu --enable-libstdcxx-debug --enable-libstdcxx-time=yes --enable-plugin --enable-objc-gc --disable-werror --with-arch-32=i686 --with-tune=generic --enable-checking=release --build=x86_64-linux-gnu --host=x86_64-linux-gnu --target=x86_64-linux-gnu
Thread model: posix
gcc version 4.6.1 (Ubuntu/Linaro 4.6.1-9ubuntu3) 
configure:6905: $? = 0
configure:6907: gcc -V </dev/null >&5
gcc: error: unrecognized option '-V'
gcc: fatal error: no input files
compilation terminated.
configure:6910: $? = 4
configure:6913: checking whether we are using the GNU C compiler
configure:6969: result: yes
configure:6975: checking whether gcc accepts -g
configure:7026: result: yes
configure:7043: checking for gcc option to accept ANSI C
configure:7150: result: none needed
configure:7168: gcc -c -g -O2  conftest.c >&5
conftest.c:2:3: error: unknown type name 'choke'
conftest.c:2:3: error: expected '=', ',', ';', 'asm' or '__attribute__' at end of input
configure:7174: $? = 1
configure: failed program was:
| #ifndef __cplusplus
|   choke me
| #endif
configure:7312: checking how to run the C preprocessor
configure:7347: gcc -E  conftest.c
configure:7353: $? = 0
configure:7385: gcc -E  conftest.c
conftest.c:12:28: fatal error: ac_nonexistent.h: No such file or directory
compilation terminated.
configure:7391: $? = 1
configure: failed program was:
| /* confdefs.h.  */
| 
| #define PACKAGE_NAME "mysql++"
| #define PACKAGE_TARNAME "mysql++"
| #define PACKAGE_VERSION "3.1.0"
| #define PACKAGE_STRING "mysql++ 3.1.0"
| #define PACKAGE_BUGREPORT "plusplus@lists.mysql.com"
| #ifdef __cplusplus
| extern "C" void exit (int) throw ();
| #endif
| /* end confdefs.h.  */
| #include <ac_nonexistent.h>
configure:7430: result: gcc -E
configure:7454: gcc -E  conftest.c
configure:7460: $? = 0
configure:7492: gcc -E  conftest.c
conftest.c:12:28: fatal error: ac_nonexistent.h: No such file or directory
compilation terminated.
configure:7498: $? = 1
configure: failed program was:
| /* confdefs.h.  */
| 
| #define PACKAGE_NAME "mysql++"
| #define PACKAGE_TARNAME "mysql++"
| #define PACKAGE_VERSION "3.1.0"
| #define PACKAGE_STRING "mysql++ 3.1.0"
| #define PACKAGE_BUGREPORT "plusplus@lists.mysql.com"
| #ifdef __cplusplus
| extern "C" void exit (int) throw ();
| #endif
| /* end confdefs.h.  */
| #include <ac_nonexistent.h>
configure:7542: checking for egrep
configure:7552: result: grep -E
configure:7557: checking for ANSI C header files
configure:7582: gcc -c -g -O2  conftest.c >&5
configure:7588: $? = 0
configure:7592: test -z 
			 || test ! -s conftest.err
configure:7595: $? = 0
configure:7598: test -s conftest.o
configure:7601: $? = 0
configure:7690: gcc -o conftest -g -O2   conftest.c  >&5
conftest.c: In function 'main':
conftest.c:29:7: warning: incompatible implicit declaration of built-in function 'exit' [enabled by default]
configure:7693: $? = 0
configure:7695: ./conftest
configure:7698: $? = 0
configure:7713: result: yes
configure:8560: checking for getopt
configure:8617: gcc -o conftest -g -O2   conftest.c  >&5
configure:8623: $? = 0
configure:8627: test -z 
			 || test ! -s conftest.err
configure:8630: $? = 0
configure:8633: test -s conftest
configure:8636: $? = 0
configure:8648: result: yes
configure:8735: checking whether -lm is needed to use C math functions
configure:8756: gcc -o conftest -g -O2   conftest.c  >&5
configure:8762: $? = 0
configure:8766: test -z 
			 || test ! -s conftest.err
configure:8769: $? = 0
configure:8772: test -s conftest
configure:8775: $? = 0
configure:8777: result: no
configure:8852: checking whether -lsocket is needed
configure:8876: gcc -o conftest -g -O2   conftest.c  >&5
configure:8882: $? = 0
configure:8886: test -z 
			 || test ! -s conftest.err
configure:8889: $? = 0
configure:8892: test -s conftest
configure:8895: $? = 0
configure:8897: result: no
configure:8970: checking whether -lnsl is needed
configure:8989: gcc -o conftest -g -O2   conftest.c  >&5
configure:8995: $? = 0
configure:8999: test -z 
			 || test ! -s conftest.err
configure:9002: $? = 0
configure:9005: test -s conftest
configure:9008: $? = 0
configure:9010: result: no
configure:9120: checking for MySQL library directory
configure:9148: result: /usr/lib/x86_64-linux-gnu/
configure:9164: checking for MySQL include directory
configure:9190: result: /usr/include/mysql
configure:9195: checking if we can link to MySQL C API library directly
configure:9215: gcc -o conftest -g -O2  -I/usr/include/mysql  -L/usr/lib/x86_64-linux-gnu/ conftest.c  -lmysqlclient  >&5
configure:9221: $? = 0
configure:9225: test -z 
			 || test ! -s conftest.err
configure:9228: $? = 0
configure:9231: test -s conftest
configure:9234: $? = 0
configure:9236: result: yes
configure:9544: checking for mysql_ssl_set in -l
configure:9574: gcc -o conftest -g -O2  -I/usr/include/mysql  -L/usr/lib/x86_64-linux-gnu/ conftest.c -l   >&5
gcc: error: missing argument to '-l'
configure:9580: $? = 1
configure: failed program was:
| /* confdefs.h.  */
| 
| #define PACKAGE_NAME "mysql++"
| #define PACKAGE_TARNAME "mysql++"
| #define PACKAGE_VERSION "3.1.0"
| #define PACKAGE_STRING "mysql++ 3.1.0"
| #define PACKAGE_BUGREPORT "plusplus@lists.mysql.com"
| #ifdef __cplusplus
| extern "C" void exit (int) throw ();
| #endif
| #define STDC_HEADERS 1
| #define HAVE_POSIX_GETOPT
| /* end confdefs.h.  */
| 
| /* Override any gcc2 internal prototype to avoid an error.  */
| #ifdef __cplusplus
| extern "C"
| #endif
| /* We use char because int might match the return type of a gcc2
|    builtin and then its argument prototype would still apply.  */
| char mysql_ssl_set ();
| int
| main ()
| {
| mysql_ssl_set ();
|   ;
|   return 0;
| }
configure:9606: result: no
configure:9619: checking for localtime_r()
configure:9643: gcc -o conftest -g -O2  -I/usr/include/mysql  -L/usr/lib/x86_64-linux-gnu/ conftest.c  >&5
configure:9646: $? = 0
configure:9648: ./conftest
configure:9651: $? = 0
configure:9665: result: yes
configure:9677: checking for main in -lintl
configure:9701: gcc -o conftest -g -O2  -I/usr/include/mysql  -L/usr/lib/x86_64-linux-gnu/ conftest.c -lintl   >&5
/usr/bin/ld: cannot find -lintl
collect2: ld returned 1 exit status
configure:9707: $? = 1
configure: failed program was:
| /* confdefs.h.  */
| 
| #define PACKAGE_NAME "mysql++"
| #define PACKAGE_TARNAME "mysql++"
| #define PACKAGE_VERSION "3.1.0"
| #define PACKAGE_STRING "mysql++ 3.1.0"
| #define PACKAGE_BUGREPORT "plusplus@lists.mysql.com"
| #ifdef __cplusplus
| extern "C" void exit (int) throw ();
| #endif
| #define STDC_HEADERS 1
| #define HAVE_POSIX_GETOPT
| #define HAVE_LOCALTIME_R 1
| /* end confdefs.h.  */
| 
| 
| int
| main ()
| {
| main ();
|   ;
|   return 0;
| }
configure:9733: result: no
configure:9851: checking for C++ compiler version
configure:9854: g++ --version </dev/null >&5
g++ (Ubuntu/Linaro 4.6.1-9ubuntu3) 4.6.1
Copyright (C) 2011 Free Software Foundation, Inc.
This is free software; see the source for copying conditions.  There is NO
warranty; not even for MERCHANTABILITY or FITNESS FOR A PARTICULAR PURPOSE.

configure:9857: $? = 0
configure:9859: g++ -v </dev/null >&5
Using built-in specs.
COLLECT_GCC=g++
COLLECT_LTO_WRAPPER=/usr/lib/gcc/x86_64-linux-gnu/4.6.1/lto-wrapper
Target: x86_64-linux-gnu
Configured with: ../src/configure -v --with-pkgversion='Ubuntu/Linaro 4.6.1-9ubuntu3' --with-bugurl=file:///usr/share/doc/gcc-4.6/README.Bugs --enable-languages=c,c++,fortran,objc,obj-c++,go --prefix=/usr --program-suffix=-4.6 --enable-shared --enable-linker-build-id --with-system-zlib --libexecdir=/usr/lib --without-included-gettext --enable-threads=posix --with-gxx-include-dir=/usr/include/c++/4.6 --libdir=/usr/lib --enable-nls --with-sysroot=/ --enable-clocale=gnu --enable-libstdcxx-debug --enable-libstdcxx-time=yes --enable-plugin --enable-objc-gc --disable-werror --with-arch-32=i686 --with-tune=generic --enable-checking=release --build=x86_64-linux-gnu --host=x86_64-linux-gnu --target=x86_64-linux-gnu
Thread model: posix
gcc version 4.6.1 (Ubuntu/Linaro 4.6.1-9ubuntu3) 
configure:9862: $? = 0
configure:9864: g++ -V </dev/null >&5
g++: error: unrecognized option '-V'
g++: fatal error: no input files
compilation terminated.
configure:9867: $? = 4
configure:9870: checking whether we are using the GNU C++ compiler
configure:9926: result: yes
configure:9932: checking whether g++ accepts -g
configure:9983: result: yes
configure:10025: g++ -c -g -O2  -I/usr/include/mysql conftest.cc >&5
configure:10031: $? = 0
configure:10035: test -z 
			 || test ! -s conftest.err
configure:10038: $? = 0
configure:10041: test -s conftest.o
configure:10044: $? = 0
configure:10070: g++ -c -g -O2  -I/usr/include/mysql conftest.cc >&5
configure:10076: $? = 0
configure:10080: test -z 
			 || test ! -s conftest.err
configure:10083: $? = 0
configure:10086: test -s conftest.o
configure:10089: $? = 0
configure:10119: checking for STL slist extension
configure:10138: g++ -c -g -O2  -I/usr/include/mysql conftest.cc >&5
conftest.cc:15:17: fatal error: slist: No such file or directory
compilation terminated.
configure:10144: $? = 1
configure: failed program was:
| /* confdefs.h.  */
| 
| #define PACKAGE_NAME "mysql++"
| #define PACKAGE_TARNAME "mysql++"
| #define PACKAGE_VERSION "3.1.0"
| #define PACKAGE_STRING "mysql++ 3.1.0"
| #define PACKAGE_BUGREPORT "plusplus@lists.mysql.com"
| #ifdef __cplusplus
| extern "C" void exit (int) throw ();
| #endif
| #define STDC_HEADERS 1
| #define HAVE_POSIX_GETOPT
| #define HAVE_LOCALTIME_R 1
| /* end confdefs.h.  */
| #include <slist>
| int
| main ()
| {
| slist<int> l
|   ;
|   return 0;
| }
configure:10193: g++ -c -g -O2  -I/usr/include/mysql conftest.cc >&5
conftest.cc:15:17: fatal error: slist: No such file or directory
compilation terminated.
configure:10199: $? = 1
configure: failed program was:
| /* confdefs.h.  */
| 
| #define PACKAGE_NAME "mysql++"
| #define PACKAGE_TARNAME "mysql++"
| #define PACKAGE_VERSION "3.1.0"
| #define PACKAGE_STRING "mysql++ 3.1.0"
| #define PACKAGE_BUGREPORT "plusplus@lists.mysql.com"
| #ifdef __cplusplus
| extern "C" void exit (int) throw ();
| #endif
| #define STDC_HEADERS 1
| #define HAVE_POSIX_GETOPT
| #define HAVE_LOCALTIME_R 1
| /* end confdefs.h.  */
| #include <slist>
| int
| main ()
| {
| std::slist<int> l
|   ;
|   return 0;
| }
configure:10248: g++ -c -g -O2  -I/usr/include/mysql conftest.cc >&5
configure:10254: $? = 0
configure:10258: test -z 
			 || test ! -s conftest.err
configure:10261: $? = 0
configure:10264: test -s conftest.o
configure:10267: $? = 0
configure:10289: result: <ext/slist>, namespace __gnu_cxx
configure:10393: creating ./config.status

## ---------------------- ##
## Running config.status. ##
## ---------------------- ##

This file was extended by mysql++ config.status 3.1.0, which was
generated by GNU Autoconf 2.59.  Invocation command line was

  CONFIG_FILES    = 
  CONFIG_HEADERS  = 
  CONFIG_LINKS    = 
  CONFIG_COMMANDS = 
  $ ./config.status 

on greif10

config.status:750: creating doc/userman/userman.dbx
config.status:750: creating install.hta
config.status:750: creating lib/Doxyfile
config.status:750: creating lib/mysql++.h
config.status:750: creating ssx/Doxyfile
config.status:750: creating mysql++.spec
config.status:750: creating Makefile
config.status:854: creating config.h
config.status:944: config.h is unchanged

## ---------------- ##
## Cache variables. ##
## ---------------- ##

ac_cv_build=x86_64-unknown-linux-gnu
ac_cv_build_alias=x86_64-unknown-linux-gnu
ac_cv_c_compiler_gnu=yes
ac_cv_cxx_compiler_gnu=yes
ac_cv_env_CC_set=
ac_cv_env_CC_value=
ac_cv_env_CFLAGS_set=
ac_cv_env_CFLAGS_value=
ac_cv_env_CPPFLAGS_set=
ac_cv_env_CPPFLAGS_value=
ac_cv_env_CPP_set=
ac_cv_env_CPP_value=
ac_cv_env_CXXFLAGS_set=
ac_cv_env_CXXFLAGS_value=
ac_cv_env_CXX_set=
ac_cv_env_CXX_value=
ac_cv_env_LDFLAGS_set=
ac_cv_env_LDFLAGS_value=
ac_cv_env_build_alias_set=
ac_cv_env_build_alias_value=
ac_cv_env_host_alias_set=
ac_cv_env_host_alias_value=
ac_cv_env_target_alias_set=
ac_cv_env_target_alias_value=
ac_cv_exeext=
ac_cv_func_getopt=yes
ac_cv_header_stdc=yes
ac_cv_host=x86_64-unknown-linux-gnu
ac_cv_host_alias=x86_64-unknown-linux-gnu
ac_cv_lib____mysql_ssl_set=no
ac_cv_lib_intl_main=no
ac_cv_objext=o
ac_cv_path_install='/usr/bin/install -c'
ac_cv_prog_CPP='gcc -E'
ac_cv_prog_ac_ct_AR=ar
ac_cv_prog_ac_ct_CC=gcc
ac_cv_prog_ac_ct_CXX=g++
ac_cv_prog_ac_ct_NM=nm
ac_cv_prog_ac_ct_RANLIB=ranlib
ac_cv_prog_ac_ct_STRIP=strip
ac_cv_prog_cc_g=yes
ac_cv_prog_cc_stdc=
ac_cv_prog_cxx_g=yes
ac_cv_prog_egrep='grep -E'
ac_cv_prog_make_make_set=yes
ac_cv_target=x86_64-unknown-linux-gnu
ac_cv_target_alias=x86_64-unknown-linux-gnu
bakefile_cv_c_compiler___INTEL_COMPILER=no
bakefile_cv_cxx_compiler___INTEL_COMPILER=no
bakefile_cv_cxx_compiler___SUNPRO_CC=no
bakefile_cv_prog_makeisgnu=yes

## ----------------- ##
## Output variables. ##
## ----------------- ##

AIX_CXX_LD=''
AR='ar'
AROPTIONS='rcu'
BK_DEPS='/home/alexander/augustus/trunks/mysql++/bk-deps'
CC='gcc'
CFLAGS='-g -O2'
COND_BUILD_debug='#'
COND_BUILD_release='#'
COND_DEPS_TRACKING_0='#'
COND_DEPS_TRACKING_1=''
COND_PLATFORM_MACOSX_0_USE_SOVERCYGWIN_0_USE_SOVERSION_1=''
COND_PLATFORM_MACOSX_0_USE_SOVERSION_1=''
COND_PLATFORM_MACOSX_1='#'
COND_PLATFORM_MACOSX_1_USE_SOVERSION_1='#'
COND_PLATFORM_MAC_0=''
COND_PLATFORM_MAC_1='#'
COND_PLATFORM_OS2_1='#'
COND_USE_SOSYMLINKS_1=''
COND_USE_SOVERCYGWIN_1_USE_SOVERSION_1='#'
COND_USE_SOVERLINUX_1=''
COND_USE_SOVERSION_0='#'
COND_USE_SOVERSOLARIS_1='#'
COND_WINDOWS_IMPLIB_1='#'
CPP='gcc -E'
CPPFLAGS=' -I/usr/include/mysql'
CXX='g++'
CXXFLAGS='-g -O2'
DEFS='-DHAVE_CONFIG_H'
DEPS_TRACKING='1'
DLLIMP_SUFFIX='so'
DLLPREFIX='lib'
DLLPREFIX_MODULE=''
ECHO_C=''
ECHO_N='-n'
ECHO_T=''
EGREP='grep -E'
EXEEXT=''
IF_GNU_MAKE=''
INSTALL_DATA='${INSTALL} -m 644'
INSTALL_DIR='$(INSTALL) -d'
INSTALL_PROGRAM='${INSTALL}'
INSTALL_SCRIPT='${INSTALL}'
LDFLAGS=' -L/usr/lib/x86_64-linux-gnu/'
LDFLAGS_GUI=''
LIBEXT='.a'
LIBOBJS=''
LIBPREFIX='lib'
LIBS=''
LN_S='ln -s'
LTLIBOBJS=''
MAKE_SET=''
MYSQLPP_EXTRA_LIBS=''
MYSQLPP_VERSION_BUGFIX='0'
MYSQLPP_VERSION_MAJOR='3'
MYSQLPP_VERSION_MINOR='1'
MYSQL_C_INC_DIR='/usr/include/mysql'
MYSQL_C_LIB_DIR='/usr/lib/x86_64-linux-gnu/'
MYSQL_C_LIB_NAME='mysqlclient'
NM='nm'
OBJCXXFLAGS=''
OBJEXT='o'
PACKAGE_BUGREPORT='plusplus@lists.mysql.com'
PACKAGE_NAME='mysql++'
PACKAGE_STRING='mysql++ 3.1.0'
PACKAGE_TARNAME='mysql++'
PACKAGE_VERSION='3.1.0'
PATH_SEPARATOR=':'
PIC_FLAG='-fPIC -DPIC'
PLATFORM_BEOS='0'
PLATFORM_MAC='0'
PLATFORM_MACOS='0'
PLATFORM_MACOSX='0'
PLATFORM_MSDOS='0'
PLATFORM_OS2='0'
PLATFORM_UNIX='1'
PLATFORM_WIN32='0'
PTHREAD_CC=''
PTHREAD_CFLAGS=''
PTHREAD_LIBS=''
RANLIB='ranlib'
REZ=''
SETFILE=''
SET_MAKE=''
SHARED_LD_CC='$(CC) -shared -fPIC -o'
SHARED_LD_CXX='$(CXX) -shared -fPIC -o'
SHARED_LD_MODULE_CC='$(CC) -shared -fPIC -o'
SHARED_LD_MODULE_CXX='$(CXX) -shared -fPIC -o'
SHELL='/bin/bash'
SONAME_FLAG='-Wl,-soname,'
SO_SUFFIX='so'
SO_SUFFIX_MODULE='so'
STRIP='strip'
USE_MACVERSION='0'
USE_SOSYMLINKS='1'
USE_SOVERCYGWIN='0'
USE_SOVERLINUX='1'
USE_SOVERSION='1'
USE_SOVERSOLARIS='0'
WINDOWS_IMPLIB='0'
WINDRES=''
ac_ct_AR='ar'
ac_ct_CC='gcc'
ac_ct_CXX='g++'
ac_ct_NM='nm'
ac_ct_RANLIB='ranlib'
ac_ct_STRIP='strip'
ac_ct_WINDRES=''
acx_pthread_config=''
bindir='${exec_prefix}/bin'
build='x86_64-unknown-linux-gnu'
build_alias=''
build_cpu='x86_64'
build_os='linux-gnu'
build_vendor='unknown'
datadir='${prefix}/share'
dlldir='${exec_prefix}/lib'
exec_prefix='${prefix}'
host='x86_64-unknown-linux-gnu'
host_alias=''
host_cpu='x86_64'
host_os='linux-gnu'
host_vendor='unknown'
includedir='${prefix}/include'
infodir='${prefix}/info'
libdir='${exec_prefix}/lib'
libexecdir='${exec_prefix}/libexec'
localstatedir='${prefix}/var'
mandir='${prefix}/man'
oldincludedir='/usr/include'
prefix='/usr/local'
program_transform_name='s,x,x,'
sbindir='${exec_prefix}/sbin'
sharedstatedir='${prefix}/com'
sysconfdir='${prefix}/etc'
target='x86_64-unknown-linux-gnu'
target_alias=''
target_cpu='x86_64'
target_os='linux-gnu'
target_vendor='unknown'

## ----------- ##
## confdefs.h. ##
## ----------- ##

#define HAVE_EXT_SLIST 1
#define HAVE_LOCALTIME_R 1
#define HAVE_POSIX_GETOPT
#define PACKAGE_BUGREPORT "plusplus@lists.mysql.com"
#define PACKAGE_NAME "mysql++"
#define PACKAGE_STRING "mysql++ 3.1.0"
#define PACKAGE_TARNAME "mysql++"
#define PACKAGE_VERSION "3.1.0"
#define STDC_HEADERS 1
#endif
#ifdef __cplusplus
extern "C" void exit (int) throw ();

configure: exit 0
